#-----------------------------------------------------------
# Vivado v2020.1 (64-bit)
# SW Build 2902540 on Wed May 27 19:54:35 MDT 2020
# IP Build 2902112 on Wed May 27 22:43:36 MDT 2020
# Start of session at: Tue Apr 29 12:19:56 2025
# Process ID: 2238295
# Current directory: /import/lab/users/seckinger/Master-Thesis/masterarbeit
# Command line: vivado
# Log file: /import/lab/users/seckinger/Master-Thesis/masterarbeit/vivado.log
# Journal file: /import/lab/users/seckinger/Master-Thesis/masterarbeit/vivado.jou
#-----------------------------------------------------------
start_gui
open_project /import/lab/users/seckinger/booth-2bit/booth-2bit.xpr
Scanning sources...
Finished scanning sources
INFO: [IP_Flow 19-234] Refreshing IP repositories
INFO: [IP_Flow 19-1704] No user IP repositories specified
INFO: [Common 17-41] Interrupt caught. Command should exit soon.
INFO: [IP_Flow 19-2313] Loaded Vivado IP repository '/import/public/common/Xilinx/Vivado/2020.1/data/ip'.
INFO: [IP_Flow 19-2338] Canceling the changes to the IP catalog. Reverting the catalog back to its previous state.
INFO: [IP_Flow 19-2340] The IP catalog has been returned to its previous state.
INFO: [Common 17-344] 'open_project' was cancelled
exit
INFO: [Common 17-206] Exiting Vivado at Tue Apr 29 12:20:19 2025...
